\BOOKMARK [0][-]{chapter.1}{\376\377\000P\000S\000d\000e\000m\000o\000\040\000R\000e\000l\000e\000a\000s\000e\000\040\000N\000o\000t\000e\000s}{}% 1
\BOOKMARK [1][-]{section.1.1}{\376\377\000I\000n\000t\000r\000o\000d\000u\000c\000t\000i\000o\000n}{chapter.1}% 2
\BOOKMARK [1][-]{section.1.2}{\376\377\000H\000a\000r\000d\000w\000a\000r\000e\000\040\000P\000l\000a\000t\000f\000o\000r\000m\000s}{chapter.1}% 3
\BOOKMARK [0][-]{chapter.2}{\376\377\000P\000S\000d\000e\000m\000o\000\040\000G\000e\000t\000t\000i\000n\000g\000\040\000S\000t\000a\000r\000t\000e\000d\000\040\000G\000u\000i\000d\000e}{}% 4
\BOOKMARK [1][-]{section.2.1}{\376\377\000I\000n\000t\000r\000o\000d\000u\000c\000t\000i\000o\000n}{chapter.2}% 5
\BOOKMARK [1][-]{section.2.2}{\376\377\000C\000h\000a\000p\000t\000e\000r\000\040\0001}{chapter.2}% 6
\BOOKMARK [1][-]{section.2.3}{\376\377\000C\000h\000a\000p\000t\000e\000r\000\040\0002}{chapter.2}% 7
\BOOKMARK [0][-]{chapter.3}{\376\377\000P\000S\000d\000e\000m\000o\000\040\000D\000e\000v\000e\000l\000o\000p\000e\000r\040\031\000s\000\040\000G\000u\000i\000d\000e}{}% 8
\BOOKMARK [1][-]{section.3.1}{\376\377\000I\000n\000t\000r\000o\000d\000u\000c\000t\000i\000o\000n}{chapter.3}% 9
\BOOKMARK [1][-]{section.3.2}{\376\377\000A\000P\000I\000\040\000f\000o\000r\000\040\000s\000o\000m\000e\000\040\000f\000u\000n\000c\000t\000i\000o\000n\000a\000l\000i\000t\000y}{chapter.3}% 10
\BOOKMARK [1][-]{section.3.3}{\376\377\000E\000x\000a\000m\000p\000l\000e\000\040\000C\000o\000d\000e}{chapter.3}% 11
\BOOKMARK [0][-]{chapter.4}{\376\377\000P\000S\000d\000e\000m\000o\000\040\000U\000s\000e\000r\000\040\000G\000u\000i\000d\000e}{}% 12
\BOOKMARK [1][-]{section.4.1}{\376\377\000R\000e\000v\000i\000s\000i\000o\000n\000\040\000H\000i\000s\000t\000o\000r\000y}{chapter.4}% 13
\BOOKMARK [1][-]{section.4.2}{\376\377\000I\000n\000t\000r\000o\000d\000u\000c\000t\000i\000o\000n}{chapter.4}% 14
\BOOKMARK [1][-]{section.4.3}{\376\377\000S\000e\000c\000t\000i\000o\000n\000\040\000A}{chapter.4}% 15
\BOOKMARK [1][-]{section.4.4}{\376\377\000S\000e\000c\000t\000i\000o\000n\000\040\000B}{chapter.4}% 16
\BOOKMARK [0][-]{chapter.5}{\376\377\000P\000S\000d\000e\000m\000o\000\040\000F\000r\000e\000q\000u\000e\000n\000t\000l\000y\000\040\000A\000s\000k\000e\000d\000\040\000Q\000u\000e\000s\000t\000i\000o\000n\000s}{}% 17
\BOOKMARK [1][-]{section.5.1}{\376\377\000W\000h\000a\000t\000\040\000i\000s\000\040\000a\000b\000c\000?}{chapter.5}% 18
\BOOKMARK [1][-]{section.5.2}{\376\377\000H\000o\000w\000\040\000d\000o\000\040\000w\000e\000\040\000s\000e\000t\000u\000p\000\040\000p\000q\000r\000?}{chapter.5}% 19
\BOOKMARK [1][-]{section.5.3}{\376\377\000I\000s\000\040\000a\000b\000k\000\040\000s\000u\000p\000p\000o\000r\000t\000e\000d\000?}{chapter.5}% 20
\BOOKMARK [0][-]{chapter.6}{\376\377\000I\000n\000d\000i\000c\000e\000s\000\040\000a\000n\000d\000\040\000t\000a\000b\000l\000e\000s}{}% 21
